Performing C SOURCE FILE Test CMAKE_HAVE_LIBC_PTHREAD failed with the following output:
Change Dir: /home/laksri/Map-navigation-with-ROS/build/CMakeFiles/CMakeScratch/TryCompile-Du3H8r

Run Build Command(s):/usr/bin/make -f Makefile cmTC_e216a/fast && /usr/bin/make  -f CMakeFiles/cmTC_e216a.dir/build.make CMakeFiles/cmTC_e216a.dir/build
make[1]: Entering directory '/home/laksri/Map-navigation-with-ROS/build/CMakeFiles/CMakeScratch/TryCompile-Du3H8r'
Building C object CMakeFiles/cmTC_e216a.dir/src.c.o
/usr/bin/cc -DCMAKE_HAVE_LIBC_PTHREAD   -o CMakeFiles/cmTC_e216a.dir/src.c.o -c /home/laksri/Map-navigation-with-ROS/build/CMakeFiles/CMakeScratch/TryCompile-Du3H8r/src.c
Linking C executable cmTC_e216a
/usr/bin/cmake -E cmake_link_script CMakeFiles/cmTC_e216a.dir/link.txt --verbose=1
/usr/bin/cc -rdynamic CMakeFiles/cmTC_e216a.dir/src.c.o -o cmTC_e216a 
/usr/bin/ld: CMakeFiles/cmTC_e216a.dir/src.c.o: in function `main':
src.c:(.text+0x46): undefined reference to `pthread_create'
/usr/bin/ld: src.c:(.text+0x52): undefined reference to `pthread_detach'
/usr/bin/ld: src.c:(.text+0x5e): undefined reference to `pthread_cancel'
/usr/bin/ld: src.c:(.text+0x6f): undefined reference to `pthread_join'
collect2: error: ld returned 1 exit status
make[1]: *** [CMakeFiles/cmTC_e216a.dir/build.make:99: cmTC_e216a] Error 1
make[1]: Leaving directory '/home/laksri/Map-navigation-with-ROS/build/CMakeFiles/CMakeScratch/TryCompile-Du3H8r'
make: *** [Makefile:127: cmTC_e216a/fast] Error 2


Source file was:
#include <pthread.h>

static void* test_func(void* data)
{
  return data;
}

int main(void)
{
  pthread_t thread;
  pthread_create(&thread, NULL, test_func, NULL);
  pthread_detach(thread);
  pthread_cancel(thread);
  pthread_join(thread, NULL);
  pthread_atfork(NULL, NULL, NULL);
  pthread_exit(NULL);

  return 0;
}


Determining if the function pthread_create exists in the pthreads failed with the following output:
Change Dir: /home/laksri/Map-navigation-with-ROS/build/CMakeFiles/CMakeScratch/TryCompile-wLalhs

Run Build Command(s):/usr/bin/make -f Makefile cmTC_023dc/fast && /usr/bin/make  -f CMakeFiles/cmTC_023dc.dir/build.make CMakeFiles/cmTC_023dc.dir/build
make[1]: Entering directory '/home/laksri/Map-navigation-with-ROS/build/CMakeFiles/CMakeScratch/TryCompile-wLalhs'
Building C object CMakeFiles/cmTC_023dc.dir/CheckFunctionExists.c.o
/usr/bin/cc   -DCHECK_FUNCTION_EXISTS=pthread_create -o CMakeFiles/cmTC_023dc.dir/CheckFunctionExists.c.o -c /home/laksri/Map-navigation-with-ROS/build/CMakeFiles/CMakeScratch/TryCompile-wLalhs/CheckFunctionExists.c
Linking C executable cmTC_023dc
/usr/bin/cmake -E cmake_link_script CMakeFiles/cmTC_023dc.dir/link.txt --verbose=1
/usr/bin/cc  -DCHECK_FUNCTION_EXISTS=pthread_create -rdynamic CMakeFiles/cmTC_023dc.dir/CheckFunctionExists.c.o -o cmTC_023dc  -lpthreads 
/usr/bin/ld: cannot find -lpthreads
collect2: error: ld returned 1 exit status
make[1]: *** [CMakeFiles/cmTC_023dc.dir/build.make:99: cmTC_023dc] Error 1
make[1]: Leaving directory '/home/laksri/Map-navigation-with-ROS/build/CMakeFiles/CMakeScratch/TryCompile-wLalhs'
make: *** [Makefile:127: cmTC_023dc/fast] Error 2



